  main.obj : MSIL module encountered; incremental linking is disabled for MSIL; performing full link
mysqlcppconn-static.lib(mysql_art_resultset.obj) : error LNK2038: mismatch detected for '_ITERATOR_DEBUG_LEVEL': value '2' doesn't match value '0' in main.obj
mysqlcppconn-static.lib(mysql_art_resultset.obj) : error LNK2038: mismatch detected for 'RuntimeLibrary': value 'MDd_DynamicDebug' doesn't match value 'MD_DynamicRelease' in main.obj
mysqlcppconn-static.lib(mysql_connection.obj) : error LNK2038: mismatch detected for '_ITERATOR_DEBUG_LEVEL': value '2' doesn't match value '0' in main.obj
mysqlcppconn-static.lib(mysql_connection.obj) : error LNK2038: mismatch detected for 'RuntimeLibrary': value 'MDd_DynamicDebug' doesn't match value 'MD_DynamicRelease' in main.obj
mysqlcppconn-static.lib(my_file.obj) : error LNK2038: mismatch detected for '_ITERATOR_DEBUG_LEVEL': value '2' doesn't match value '0' in main.obj
mysqlcppconn-static.lib(my_file.obj) : error LNK2038: mismatch detected for 'RuntimeLibrary': value 'MDd_DynamicDebug' doesn't match value 'MD_DynamicRelease' in main.obj
mysqlcppconn-static.lib(mysql_util.obj) : error LNK2038: mismatch detected for '_ITERATOR_DEBUG_LEVEL': value '2' doesn't match value '0' in main.obj
mysqlcppconn-static.lib(mysql_util.obj) : error LNK2038: mismatch detected for 'RuntimeLibrary': value 'MDd_DynamicDebug' doesn't match value 'MD_DynamicRelease' in main.obj
mysqlcppconn-static.lib(mysql_art_rset_metadata.obj) : error LNK2038: mismatch detected for '_ITERATOR_DEBUG_LEVEL': value '2' doesn't match value '0' in main.obj
mysqlcppconn-static.lib(mysql_art_rset_metadata.obj) : error LNK2038: mismatch detected for 'RuntimeLibrary': value 'MDd_DynamicDebug' doesn't match value 'MD_DynamicRelease' in main.obj
mysqlcppconn-static.lib(mysql_uri.obj) : error LNK2038: mismatch detected for '_ITERATOR_DEBUG_LEVEL': value '2' doesn't match value '0' in main.obj
mysqlcppconn-static.lib(mysql_uri.obj) : error LNK2038: mismatch detected for 'RuntimeLibrary': value 'MDd_DynamicDebug' doesn't match value 'MD_DynamicRelease' in main.obj
mysqlcppconn-static.lib(mysql_metadata.obj) : error LNK2038: mismatch detected for '_ITERATOR_DEBUG_LEVEL': value '2' doesn't match value '0' in main.obj
mysqlcppconn-static.lib(mysql_metadata.obj) : error LNK2038: mismatch detected for 'RuntimeLibrary': value 'MDd_DynamicDebug' doesn't match value 'MD_DynamicRelease' in main.obj
mysqlcppconn-static.lib(mysql_warning.obj) : error LNK2038: mismatch detected for '_ITERATOR_DEBUG_LEVEL': value '2' doesn't match value '0' in main.obj
mysqlcppconn-static.lib(mysql_warning.obj) : error LNK2038: mismatch detected for 'RuntimeLibrary': value 'MDd_DynamicDebug' doesn't match value 'MD_DynamicRelease' in main.obj
mysqlcppconn-static.lib(mysql_prepared_statement.obj) : error LNK2038: mismatch detected for '_ITERATOR_DEBUG_LEVEL': value '2' doesn't match value '0' in main.obj
mysqlcppconn-static.lib(mysql_prepared_statement.obj) : error LNK2038: mismatch detected for 'RuntimeLibrary': value 'MDd_DynamicDebug' doesn't match value 'MD_DynamicRelease' in main.obj
mysqlcppconn-static.lib(mysql_statement.obj) : error LNK2038: mismatch detected for '_ITERATOR_DEBUG_LEVEL': value '2' doesn't match value '0' in main.obj
mysqlcppconn-static.lib(mysql_statement.obj) : error LNK2038: mismatch detected for 'RuntimeLibrary': value 'MDd_DynamicDebug' doesn't match value 'MD_DynamicRelease' in main.obj
mysqlcppconn-static.lib(mysql_debug.obj) : error LNK2038: mismatch detected for '_ITERATOR_DEBUG_LEVEL': value '2' doesn't match value '0' in main.obj
mysqlcppconn-static.lib(mysql_debug.obj) : error LNK2038: mismatch detected for 'RuntimeLibrary': value 'MDd_DynamicDebug' doesn't match value 'MD_DynamicRelease' in main.obj
mysqlcppconn-static.lib(my_malloc.obj) : error LNK2038: mismatch detected for '_ITERATOR_DEBUG_LEVEL': value '2' doesn't match value '0' in main.obj
mysqlcppconn-static.lib(my_malloc.obj) : error LNK2038: mismatch detected for 'RuntimeLibrary': value 'MDd_DynamicDebug' doesn't match value 'MD_DynamicRelease' in main.obj
mysqlcppconn-static.lib(dbug.obj) : error LNK2038: mismatch detected for '_ITERATOR_DEBUG_LEVEL': value '2' doesn't match value '0' in main.obj
mysqlcppconn-static.lib(dbug.obj) : error LNK2038: mismatch detected for 'RuntimeLibrary': value 'MDd_DynamicDebug' doesn't match value 'MD_DynamicRelease' in main.obj
mysqlcppconn-static.lib(my_static.obj) : error LNK2038: mismatch detected for '_ITERATOR_DEBUG_LEVEL': value '2' doesn't match value '0' in main.obj
mysqlcppconn-static.lib(my_static.obj) : error LNK2038: mismatch detected for 'RuntimeLibrary': value 'MDd_DynamicDebug' doesn't match value 'MD_DynamicRelease' in main.obj
mysqlcppconn-static.lib(psi_noop.obj) : error LNK2038: mismatch detected for '_ITERATOR_DEBUG_LEVEL': value '2' doesn't match value '0' in main.obj
mysqlcppconn-static.lib(psi_noop.obj) : error LNK2038: mismatch detected for 'RuntimeLibrary': value 'MDd_DynamicDebug' doesn't match value 'MD_DynamicRelease' in main.obj
mysqlcppconn-static.lib(my_thr_init.obj) : error LNK2038: mismatch detected for '_ITERATOR_DEBUG_LEVEL': value '2' doesn't match value '0' in main.obj
mysqlcppconn-static.lib(my_thr_init.obj) : error LNK2038: mismatch detected for 'RuntimeLibrary': value 'MDd_DynamicDebug' doesn't match value 'MD_DynamicRelease' in main.obj
mysqlcppconn-static.lib(mysql_resultbind.obj) : error LNK2038: mismatch detected for '_ITERATOR_DEBUG_LEVEL': value '2' doesn't match value '0' in main.obj
mysqlcppconn-static.lib(mysql_resultbind.obj) : error LNK2038: mismatch detected for 'RuntimeLibrary': value 'MDd_DynamicDebug' doesn't match value 'MD_DynamicRelease' in main.obj
mysqlcppconn-static.lib(mysql_ps_resultset.obj) : error LNK2038: mismatch detected for '_ITERATOR_DEBUG_LEVEL': value '2' doesn't match value '0' in main.obj
mysqlcppconn-static.lib(mysql_ps_resultset.obj) : error LNK2038: mismatch detected for 'RuntimeLibrary': value 'MDd_DynamicDebug' doesn't match value 'MD_DynamicRelease' in main.obj
mysqlcppconn-static.lib(mysql_ps_resultset_metadata.obj) : error LNK2038: mismatch detected for '_ITERATOR_DEBUG_LEVEL': value '2' doesn't match value '0' in main.obj
mysqlcppconn-static.lib(mysql_ps_resultset_metadata.obj) : error LNK2038: mismatch detected for 'RuntimeLibrary': value 'MDd_DynamicDebug' doesn't match value 'MD_DynamicRelease' in main.obj
mysqlcppconn-static.lib(mysql_parameter_metadata.obj) : error LNK2038: mismatch detected for '_ITERATOR_DEBUG_LEVEL': value '2' doesn't match value '0' in main.obj
mysqlcppconn-static.lib(mysql_parameter_metadata.obj) : error LNK2038: mismatch detected for 'RuntimeLibrary': value 'MDd_DynamicDebug' doesn't match value 'MD_DynamicRelease' in main.obj
mysqlcppconn-static.lib(mysql_resultset.obj) : error LNK2038: mismatch detected for '_ITERATOR_DEBUG_LEVEL': value '2' doesn't match value '0' in main.obj
mysqlcppconn-static.lib(mysql_resultset.obj) : error LNK2038: mismatch detected for 'RuntimeLibrary': value 'MDd_DynamicDebug' doesn't match value 'MD_DynamicRelease' in main.obj
mysqlcppconn-static.lib(my_error.obj) : error LNK2038: mismatch detected for '_ITERATOR_DEBUG_LEVEL': value '2' doesn't match value '0' in main.obj
mysqlcppconn-static.lib(my_error.obj) : error LNK2038: mismatch detected for 'RuntimeLibrary': value 'MDd_DynamicDebug' doesn't match value 'MD_DynamicRelease' in main.obj
mysqlcppconn-static.lib(my_mess.obj) : error LNK2038: mismatch detected for '_ITERATOR_DEBUG_LEVEL': value '2' doesn't match value '0' in main.obj
mysqlcppconn-static.lib(my_mess.obj) : error LNK2038: mismatch detected for 'RuntimeLibrary': value 'MDd_DynamicDebug' doesn't match value 'MD_DynamicRelease' in main.obj
mysqlcppconn-static.lib(my_init.obj) : error LNK2038: mismatch detected for '_ITERATOR_DEBUG_LEVEL': value '2' doesn't match value '0' in main.obj
mysqlcppconn-static.lib(my_init.obj) : error LNK2038: mismatch detected for 'RuntimeLibrary': value 'MDd_DynamicDebug' doesn't match value 'MD_DynamicRelease' in main.obj
mysqlcppconn-static.lib(my_access.obj) : error LNK2038: mismatch detected for '_ITERATOR_DEBUG_LEVEL': value '2' doesn't match value '0' in main.obj
mysqlcppconn-static.lib(my_access.obj) : error LNK2038: mismatch detected for 'RuntimeLibrary': value 'MDd_DynamicDebug' doesn't match value 'MD_DynamicRelease' in main.obj
mysqlcppconn-static.lib(int2str.obj) : error LNK2038: mismatch detected for '_ITERATOR_DEBUG_LEVEL': value '2' doesn't match value '0' in main.obj
mysqlcppconn-static.lib(int2str.obj) : error LNK2038: mismatch detected for 'RuntimeLibrary': value 'MDd_DynamicDebug' doesn't match value 'MD_DynamicRelease' in main.obj
mysqlcppconn-static.lib(my_thread.obj) : error LNK2038: mismatch detected for '_ITERATOR_DEBUG_LEVEL': value '2' doesn't match value '0' in main.obj
mysqlcppconn-static.lib(my_thread.obj) : error LNK2038: mismatch detected for 'RuntimeLibrary': value 'MDd_DynamicDebug' doesn't match value 'MD_DynamicRelease' in main.obj
mysqlcppconn-static.lib(my_systime.obj) : error LNK2038: mismatch detected for '_ITERATOR_DEBUG_LEVEL': value '2' doesn't match value '0' in main.obj
mysqlcppconn-static.lib(my_systime.obj) : error LNK2038: mismatch detected for 'RuntimeLibrary': value 'MDd_DynamicDebug' doesn't match value 'MD_DynamicRelease' in main.obj
mysqlcppconn-static.lib(thr_cond.obj) : error LNK2038: mismatch detected for '_ITERATOR_DEBUG_LEVEL': value '2' doesn't match value '0' in main.obj
mysqlcppconn-static.lib(thr_cond.obj) : error LNK2038: mismatch detected for 'RuntimeLibrary': value 'MDd_DynamicDebug' doesn't match value 'MD_DynamicRelease' in main.obj
mysqlcppconn-static.lib(mysql_resultset_metadata.obj) : error LNK2038: mismatch detected for '_ITERATOR_DEBUG_LEVEL': value '2' doesn't match value '0' in main.obj
mysqlcppconn-static.lib(mysql_resultset_metadata.obj) : error LNK2038: mismatch detected for 'RuntimeLibrary': value 'MDd_DynamicDebug' doesn't match value 'MD_DynamicRelease' in main.obj
mysqlcppconn-static.lib(errors.obj) : error LNK2038: mismatch detected for '_ITERATOR_DEBUG_LEVEL': value '2' doesn't match value '0' in main.obj
mysqlcppconn-static.lib(errors.obj) : error LNK2038: mismatch detected for 'RuntimeLibrary': value 'MDd_DynamicDebug' doesn't match value 'MD_DynamicRelease' in main.obj
mysqlcppconn-static.lib(my_once.obj) : error LNK2038: mismatch detected for '_ITERATOR_DEBUG_LEVEL': value '2' doesn't match value '0' in main.obj
mysqlcppconn-static.lib(my_once.obj) : error LNK2038: mismatch detected for 'RuntimeLibrary': value 'MDd_DynamicDebug' doesn't match value 'MD_DynamicRelease' in main.obj
mysqlcppconn-static.lib(mf_pack.obj) : error LNK2038: mismatch detected for '_ITERATOR_DEBUG_LEVEL': value '2' doesn't match value '0' in main.obj
mysqlcppconn-static.lib(mf_pack.obj) : error LNK2038: mismatch detected for 'RuntimeLibrary': value 'MDd_DynamicDebug' doesn't match value 'MD_DynamicRelease' in main.obj
mysqlcppconn-static.lib(charset.obj) : error LNK2038: mismatch detected for '_ITERATOR_DEBUG_LEVEL': value '2' doesn't match value '0' in main.obj
mysqlcppconn-static.lib(charset.obj) : error LNK2038: mismatch detected for 'RuntimeLibrary': value 'MDd_DynamicDebug' doesn't match value 'MD_DynamicRelease' in main.obj
mysqlcppconn-static.lib(my_winfile.obj) : error LNK2038: mismatch detected for '_ITERATOR_DEBUG_LEVEL': value '2' doesn't match value '0' in main.obj
mysqlcppconn-static.lib(my_winfile.obj) : error LNK2038: mismatch detected for 'RuntimeLibrary': value 'MDd_DynamicDebug' doesn't match value 'MD_DynamicRelease' in main.obj
mysqlcppconn-static.lib(str2int.obj) : error LNK2038: mismatch detected for '_ITERATOR_DEBUG_LEVEL': value '2' doesn't match value '0' in main.obj
mysqlcppconn-static.lib(str2int.obj) : error LNK2038: mismatch detected for 'RuntimeLibrary': value 'MDd_DynamicDebug' doesn't match value 'MD_DynamicRelease' in main.obj
mysqlcppconn-static.lib(ctype-latin1.obj) : error LNK2038: mismatch detected for '_ITERATOR_DEBUG_LEVEL': value '2' doesn't match value '0' in main.obj
mysqlcppconn-static.lib(ctype-latin1.obj) : error LNK2038: mismatch detected for 'RuntimeLibrary': value 'MDd_DynamicDebug' doesn't match value 'MD_DynamicRelease' in main.obj
mysqlcppconn-static.lib(mf_dirname.obj) : error LNK2038: mismatch detected for '_ITERATOR_DEBUG_LEVEL': value '2' doesn't match value '0' in main.obj
mysqlcppconn-static.lib(mf_dirname.obj) : error LNK2038: mismatch detected for 'RuntimeLibrary': value 'MDd_DynamicDebug' doesn't match value 'MD_DynamicRelease' in main.obj
mysqlcppconn-static.lib(my_winerr.obj) : error LNK2038: mismatch detected for '_ITERATOR_DEBUG_LEVEL': value '2' doesn't match value '0' in main.obj
mysqlcppconn-static.lib(my_winerr.obj) : error LNK2038: mismatch detected for 'RuntimeLibrary': value 'MDd_DynamicDebug' doesn't match value 'MD_DynamicRelease' in main.obj
mysqlcppconn-static.lib(my_getwd.obj) : error LNK2038: mismatch detected for '_ITERATOR_DEBUG_LEVEL': value '2' doesn't match value '0' in main.obj
mysqlcppconn-static.lib(my_getwd.obj) : error LNK2038: mismatch detected for 'RuntimeLibrary': value 'MDd_DynamicDebug' doesn't match value 'MD_DynamicRelease' in main.obj
mysqlcppconn-static.lib(ctype.obj) : error LNK2038: mismatch detected for '_ITERATOR_DEBUG_LEVEL': value '2' doesn't match value '0' in main.obj
mysqlcppconn-static.lib(ctype.obj) : error LNK2038: mismatch detected for 'RuntimeLibrary': value 'MDd_DynamicDebug' doesn't match value 'MD_DynamicRelease' in main.obj
mysqlcppconn-static.lib(my_open.obj) : error LNK2038: mismatch detected for '_ITERATOR_DEBUG_LEVEL': value '2' doesn't match value '0' in main.obj
mysqlcppconn-static.lib(my_open.obj) : error LNK2038: mismatch detected for 'RuntimeLibrary': value 'MDd_DynamicDebug' doesn't match value 'MD_DynamicRelease' in main.obj
mysqlcppconn-static.lib(my_read.obj) : error LNK2038: mismatch detected for '_ITERATOR_DEBUG_LEVEL': value '2' doesn't match value '0' in main.obj
mysqlcppconn-static.lib(my_read.obj) : error LNK2038: mismatch detected for 'RuntimeLibrary': value 'MDd_DynamicDebug' doesn't match value 'MD_DynamicRelease' in main.obj
mysqlcppconn-static.lib(my_lib.obj) : error LNK2038: mismatch detected for '_ITERATOR_DEBUG_LEVEL': value '2' doesn't match value '0' in main.obj
mysqlcppconn-static.lib(my_lib.obj) : error LNK2038: mismatch detected for 'RuntimeLibrary': value 'MDd_DynamicDebug' doesn't match value 'MD_DynamicRelease' in main.obj
mysqlcppconn-static.lib(collations.obj) : error LNK2038: mismatch detected for '_ITERATOR_DEBUG_LEVEL': value '2' doesn't match value '0' in main.obj
mysqlcppconn-static.lib(collations.obj) : error LNK2038: mismatch detected for 'RuntimeLibrary': value 'MDd_DynamicDebug' doesn't match value 'MD_DynamicRelease' in main.obj
mysqlcppconn-static.lib(collations_internal.obj) : error LNK2038: mismatch detected for '_ITERATOR_DEBUG_LEVEL': value '2' doesn't match value '0' in main.obj
mysqlcppconn-static.lib(collations_internal.obj) : error LNK2038: mismatch detected for 'RuntimeLibrary': value 'MDd_DynamicDebug' doesn't match value 'MD_DynamicRelease' in main.obj
mysqlcppconn-static.lib(ctype-bin.obj) : error LNK2038: mismatch detected for '_ITERATOR_DEBUG_LEVEL': value '2' doesn't match value '0' in main.obj
mysqlcppconn-static.lib(ctype-bin.obj) : error LNK2038: mismatch detected for 'RuntimeLibrary': value 'MDd_DynamicDebug' doesn't match value 'MD_DynamicRelease' in main.obj
mysqlcppconn-static.lib(ctype-cp932.obj) : error LNK2038: mismatch detected for '_ITERATOR_DEBUG_LEVEL': value '2' doesn't match value '0' in main.obj
mysqlcppconn-static.lib(ctype-cp932.obj) : error LNK2038: mismatch detected for 'RuntimeLibrary': value 'MDd_DynamicDebug' doesn't match value 'MD_DynamicRelease' in main.obj
mysqlcppconn-static.lib(my_fstream.obj) : error LNK2038: mismatch detected for '_ITERATOR_DEBUG_LEVEL': value '2' doesn't match value '0' in main.obj
mysqlcppconn-static.lib(my_fstream.obj) : error LNK2038: mismatch detected for 'RuntimeLibrary': value 'MDd_DynamicDebug' doesn't match value 'MD_DynamicRelease' in main.obj
mysqlcppconn-static.lib(ctype-utf8.obj) : error LNK2038: mismatch detected for '_ITERATOR_DEBUG_LEVEL': value '2' doesn't match value '0' in main.obj
mysqlcppconn-static.lib(ctype-utf8.obj) : error LNK2038: mismatch detected for 'RuntimeLibrary': value 'MDd_DynamicDebug' doesn't match value 'MD_DynamicRelease' in main.obj
mysqlcppconn-static.lib(ctype-simple.obj) : error LNK2038: mismatch detected for '_ITERATOR_DEBUG_LEVEL': value '2' doesn't match value '0' in main.obj
mysqlcppconn-static.lib(ctype-simple.obj) : error LNK2038: mismatch detected for 'RuntimeLibrary': value 'MDd_DynamicDebug' doesn't match value 'MD_DynamicRelease' in main.obj
mysqlcppconn-static.lib(sql_chars.obj) : error LNK2038: mismatch detected for '_ITERATOR_DEBUG_LEVEL': value '2' doesn't match value '0' in main.obj
mysqlcppconn-static.lib(sql_chars.obj) : error LNK2038: mismatch detected for 'RuntimeLibrary': value 'MDd_DynamicDebug' doesn't match value 'MD_DynamicRelease' in main.obj
mysqlcppconn-static.lib(ctype-uca.obj) : error LNK2038: mismatch detected for '_ITERATOR_DEBUG_LEVEL': value '2' doesn't match value '0' in main.obj
mysqlcppconn-static.lib(ctype-uca.obj) : error LNK2038: mismatch detected for 'RuntimeLibrary': value 'MDd_DynamicDebug' doesn't match value 'MD_DynamicRelease' in main.obj
mysqlcppconn-static.lib(my_alloc.obj) : error LNK2038: mismatch detected for '_ITERATOR_DEBUG_LEVEL': value '2' doesn't match value '0' in main.obj
mysqlcppconn-static.lib(my_alloc.obj) : error LNK2038: mismatch detected for 'RuntimeLibrary': value 'MDd_DynamicDebug' doesn't match value 'MD_DynamicRelease' in main.obj
mysqlcppconn-static.lib(ctype-big5.obj) : error LNK2038: mismatch detected for '_ITERATOR_DEBUG_LEVEL': value '2' doesn't match value '0' in main.obj
mysqlcppconn-static.lib(ctype-big5.obj) : error LNK2038: mismatch detected for 'RuntimeLibrary': value 'MDd_DynamicDebug' doesn't match value 'MD_DynamicRelease' in main.obj
mysqlcppconn-static.lib(ctype-win1250ch.obj) : error LNK2038: mismatch detected for '_ITERATOR_DEBUG_LEVEL': value '2' doesn't match value '0' in main.obj
mysqlcppconn-static.lib(ctype-win1250ch.obj) : error LNK2038: mismatch detected for 'RuntimeLibrary': value 'MDd_DynamicDebug' doesn't match value 'MD_DynamicRelease' in main.obj
mysqlcppconn-static.lib(ctype-czech.obj) : error LNK2038: mismatch detected for '_ITERATOR_DEBUG_LEVEL': value '2' doesn't match value '0' in main.obj
mysqlcppconn-static.lib(ctype-czech.obj) : error LNK2038: mismatch detected for 'RuntimeLibrary': value 'MDd_DynamicDebug' doesn't match value 'MD_DynamicRelease' in main.obj
mysqlcppconn-static.lib(ctype-eucjpms.obj) : error LNK2038: mismatch detected for '_ITERATOR_DEBUG_LEVEL': value '2' doesn't match value '0' in main.obj
mysqlcppconn-static.lib(ctype-eucjpms.obj) : error LNK2038: mismatch detected for 'RuntimeLibrary': value 'MDd_DynamicDebug' doesn't match value 'MD_DynamicRelease' in main.obj
mysqlcppconn-static.lib(ctype-euc_kr.obj) : error LNK2038: mismatch detected for '_ITERATOR_DEBUG_LEVEL': value '2' doesn't match value '0' in main.obj
mysqlcppconn-static.lib(ctype-euc_kr.obj) : error LNK2038: mismatch detected for 'RuntimeLibrary': value 'MDd_DynamicDebug' doesn't match value 'MD_DynamicRelease' in main.obj
mysqlcppconn-static.lib(ctype-gb2312.obj) : error LNK2038: mismatch detected for '_ITERATOR_DEBUG_LEVEL': value '2' doesn't match value '0' in main.obj
mysqlcppconn-static.lib(ctype-gb2312.obj) : error LNK2038: mismatch detected for 'RuntimeLibrary': value 'MDd_DynamicDebug' doesn't match value 'MD_DynamicRelease' in main.obj
mysqlcppconn-static.lib(ctype-gbk.obj) : error LNK2038: mismatch detected for '_ITERATOR_DEBUG_LEVEL': value '2' doesn't match value '0' in main.obj
mysqlcppconn-static.lib(ctype-gbk.obj) : error LNK2038: mismatch detected for 'RuntimeLibrary': value 'MDd_DynamicDebug' doesn't match value 'MD_DynamicRelease' in main.obj
mysqlcppconn-static.lib(ctype-gb18030.obj) : error LNK2038: mismatch detected for '_ITERATOR_DEBUG_LEVEL': value '2' doesn't match value '0' in main.obj
mysqlcppconn-static.lib(ctype-gb18030.obj) : error LNK2038: mismatch detected for 'RuntimeLibrary': value 'MDd_DynamicDebug' doesn't match value 'MD_DynamicRelease' in main.obj
mysqlcppconn-static.lib(ctype-sjis.obj) : error LNK2038: mismatch detected for '_ITERATOR_DEBUG_LEVEL': value '2' doesn't match value '0' in main.obj
mysqlcppconn-static.lib(ctype-sjis.obj) : error LNK2038: mismatch detected for 'RuntimeLibrary': value 'MDd_DynamicDebug' doesn't match value 'MD_DynamicRelease' in main.obj
mysqlcppconn-static.lib(ctype-tis620.obj) : error LNK2038: mismatch detected for '_ITERATOR_DEBUG_LEVEL': value '2' doesn't match value '0' in main.obj
mysqlcppconn-static.lib(ctype-tis620.obj) : error LNK2038: mismatch detected for 'RuntimeLibrary': value 'MDd_DynamicDebug' doesn't match value 'MD_DynamicRelease' in main.obj
mysqlcppconn-static.lib(ctype-ujis.obj) : error LNK2038: mismatch detected for '_ITERATOR_DEBUG_LEVEL': value '2' doesn't match value '0' in main.obj
mysqlcppconn-static.lib(ctype-ujis.obj) : error LNK2038: mismatch detected for 'RuntimeLibrary': value 'MDd_DynamicDebug' doesn't match value 'MD_DynamicRelease' in main.obj
mysqlcppconn-static.lib(ctype-ucs2.obj) : error LNK2038: mismatch detected for '_ITERATOR_DEBUG_LEVEL': value '2' doesn't match value '0' in main.obj
mysqlcppconn-static.lib(ctype-ucs2.obj) : error LNK2038: mismatch detected for 'RuntimeLibrary': value 'MDd_DynamicDebug' doesn't match value 'MD_DynamicRelease' in main.obj
mysqlcppconn-static.lib(ctype-extra.obj) : error LNK2038: mismatch detected for '_ITERATOR_DEBUG_LEVEL': value '2' doesn't match value '0' in main.obj
mysqlcppconn-static.lib(ctype-extra.obj) : error LNK2038: mismatch detected for 'RuntimeLibrary': value 'MDd_DynamicDebug' doesn't match value 'MD_DynamicRelease' in main.obj
mysqlcppconn-static.lib(ctype-mb.obj) : error LNK2038: mismatch detected for '_ITERATOR_DEBUG_LEVEL': value '2' doesn't match value '0' in main.obj
mysqlcppconn-static.lib(ctype-mb.obj) : error LNK2038: mismatch detected for 'RuntimeLibrary': value 'MDd_DynamicDebug' doesn't match value 'MD_DynamicRelease' in main.obj
mysqlcppconn-static.lib(dtoa.obj) : error LNK2038: mismatch detected for '_ITERATOR_DEBUG_LEVEL': value '2' doesn't match value '0' in main.obj
mysqlcppconn-static.lib(dtoa.obj) : error LNK2038: mismatch detected for 'RuntimeLibrary': value 'MDd_DynamicDebug' doesn't match value 'MD_DynamicRelease' in main.obj
mysqlcppconn-static.lib(my_strtoll10.obj) : error LNK2038: mismatch detected for '_ITERATOR_DEBUG_LEVEL': value '2' doesn't match value '0' in main.obj
mysqlcppconn-static.lib(my_strtoll10.obj) : error LNK2038: mismatch detected for 'RuntimeLibrary': value 'MDd_DynamicDebug' doesn't match value 'MD_DynamicRelease' in main.obj
mysqlcppconn-static.lib(my_uctype.obj) : error LNK2038: mismatch detected for '_ITERATOR_DEBUG_LEVEL': value '2' doesn't match value '0' in main.obj
mysqlcppconn-static.lib(my_uctype.obj) : error LNK2038: mismatch detected for 'RuntimeLibrary': value 'MDd_DynamicDebug' doesn't match value 'MD_DynamicRelease' in main.obj
LINK : warning LNK4098: defaultlib 'MSVCRTD' conflicts with use of other libs; use /NODEFAULTLIB:library
mysqlcppconn-static.lib(mysql_driver.obj) : error LNK2038: mismatch detected for '_ITERATOR_DEBUG_LEVEL': value '2' doesn't match value '0' in main.obj
mysqlcppconn-static.lib(mysql_driver.obj) : error LNK2038: mismatch detected for 'RuntimeLibrary': value 'MDd_DynamicDebug' doesn't match value 'MD_DynamicRelease' in main.obj
mysqlcppconn-static.lib(mysql_native_driver_wrapper.obj) : error LNK2038: mismatch detected for '_ITERATOR_DEBUG_LEVEL': value '2' doesn't match value '0' in main.obj
mysqlcppconn-static.lib(mysql_native_driver_wrapper.obj) : error LNK2038: mismatch detected for 'RuntimeLibrary': value 'MDd_DynamicDebug' doesn't match value 'MD_DynamicRelease' in main.obj
mysqlcppconn-static.lib(mysql_client_api.obj) : error LNK2038: mismatch detected for '_ITERATOR_DEBUG_LEVEL': value '2' doesn't match value '0' in main.obj
mysqlcppconn-static.lib(mysql_client_api.obj) : error LNK2038: mismatch detected for 'RuntimeLibrary': value 'MDd_DynamicDebug' doesn't match value 'MD_DynamicRelease' in main.obj
mysqlcppconn-static.lib(mysql_native_connection_wrapper.obj) : error LNK2038: mismatch detected for '_ITERATOR_DEBUG_LEVEL': value '2' doesn't match value '0' in main.obj
mysqlcppconn-static.lib(mysql_native_connection_wrapper.obj) : error LNK2038: mismatch detected for 'RuntimeLibrary': value 'MDd_DynamicDebug' doesn't match value 'MD_DynamicRelease' in main.obj
mysqlcppconn-static.lib(client_plugin.obj) : error LNK2038: mismatch detected for '_ITERATOR_DEBUG_LEVEL': value '2' doesn't match value '0' in main.obj
mysqlcppconn-static.lib(client_plugin.obj) : error LNK2038: mismatch detected for 'RuntimeLibrary': value 'MDd_DynamicDebug' doesn't match value 'MD_DynamicRelease' in main.obj
mysqlcppconn-static.lib(libmysql.obj) : error LNK2038: mismatch detected for '_ITERATOR_DEBUG_LEVEL': value '2' doesn't match value '0' in main.obj
mysqlcppconn-static.lib(libmysql.obj) : error LNK2038: mismatch detected for 'RuntimeLibrary': value 'MDd_DynamicDebug' doesn't match value 'MD_DynamicRelease' in main.obj
mysqlcppconn-static.lib(client.obj) : error LNK2038: mismatch detected for '_ITERATOR_DEBUG_LEVEL': value '2' doesn't match value '0' in main.obj
mysqlcppconn-static.lib(client.obj) : error LNK2038: mismatch detected for 'RuntimeLibrary': value 'MDd_DynamicDebug' doesn't match value 'MD_DynamicRelease' in main.obj
mysqlcppconn-static.lib(dns_srv.obj) : error LNK2038: mismatch detected for '_ITERATOR_DEBUG_LEVEL': value '2' doesn't match value '0' in main.obj
mysqlcppconn-static.lib(dns_srv.obj) : error LNK2038: mismatch detected for 'RuntimeLibrary': value 'MDd_DynamicDebug' doesn't match value 'MD_DynamicRelease' in main.obj
mysqlcppconn-static.lib(mysql_native_resultset_wrapper.obj) : error LNK2038: mismatch detected for '_ITERATOR_DEBUG_LEVEL': value '2' doesn't match value '0' in main.obj
mysqlcppconn-static.lib(mysql_native_resultset_wrapper.obj) : error LNK2038: mismatch detected for 'RuntimeLibrary': value 'MDd_DynamicDebug' doesn't match value 'MD_DynamicRelease' in main.obj
mysqlcppconn-static.lib(mysql_native_statement_wrapper.obj) : error LNK2038: mismatch detected for '_ITERATOR_DEBUG_LEVEL': value '2' doesn't match value '0' in main.obj
mysqlcppconn-static.lib(mysql_native_statement_wrapper.obj) : error LNK2038: mismatch detected for 'RuntimeLibrary': value 'MDd_DynamicDebug' doesn't match value 'MD_DynamicRelease' in main.obj
mysqlcppconn-static.lib(my_strchr.obj) : error LNK2038: mismatch detected for '_ITERATOR_DEBUG_LEVEL': value '2' doesn't match value '0' in main.obj
mysqlcppconn-static.lib(my_strchr.obj) : error LNK2038: mismatch detected for 'RuntimeLibrary': value 'MDd_DynamicDebug' doesn't match value 'MD_DynamicRelease' in main.obj
mysqlcppconn-static.lib(errmsg.obj) : error LNK2038: mismatch detected for '_ITERATOR_DEBUG_LEVEL': value '2' doesn't match value '0' in main.obj
mysqlcppconn-static.lib(errmsg.obj) : error LNK2038: mismatch detected for 'RuntimeLibrary': value 'MDd_DynamicDebug' doesn't match value 'MD_DynamicRelease' in main.obj
mysqlcppconn-static.lib(mysql_trace.obj) : error LNK2038: mismatch detected for '_ITERATOR_DEBUG_LEVEL': value '2' doesn't match value '0' in main.obj
mysqlcppconn-static.lib(mysql_trace.obj) : error LNK2038: mismatch detected for 'RuntimeLibrary': value 'MDd_DynamicDebug' doesn't match value 'MD_DynamicRelease' in main.obj
mysqlcppconn-static.lib(my_symlink.obj) : error LNK2038: mismatch detected for '_ITERATOR_DEBUG_LEVEL': value '2' doesn't match value '0' in main.obj
mysqlcppconn-static.lib(my_symlink.obj) : error LNK2038: mismatch detected for 'RuntimeLibrary': value 'MDd_DynamicDebug' doesn't match value 'MD_DynamicRelease' in main.obj
mysqlcppconn-static.lib(mf_format.obj) : error LNK2038: mismatch detected for '_ITERATOR_DEBUG_LEVEL': value '2' doesn't match value '0' in main.obj
mysqlcppconn-static.lib(mf_format.obj) : error LNK2038: mismatch detected for 'RuntimeLibrary': value 'MDd_DynamicDebug' doesn't match value 'MD_DynamicRelease' in main.obj
mysqlcppconn-static.lib(my_time.obj) : error LNK2038: mismatch detected for '_ITERATOR_DEBUG_LEVEL': value '2' doesn't match value '0' in main.obj
mysqlcppconn-static.lib(my_time.obj) : error LNK2038: mismatch detected for 'RuntimeLibrary': value 'MDd_DynamicDebug' doesn't match value 'MD_DynamicRelease' in main.obj
mysqlcppconn-static.lib(list.obj) : error LNK2038: mismatch detected for '_ITERATOR_DEBUG_LEVEL': value '2' doesn't match value '0' in main.obj
mysqlcppconn-static.lib(list.obj) : error LNK2038: mismatch detected for 'RuntimeLibrary': value 'MDd_DynamicDebug' doesn't match value 'MD_DynamicRelease' in main.obj
mysqlcppconn-static.lib(net_serv.obj) : error LNK2038: mismatch detected for '_ITERATOR_DEBUG_LEVEL': value '2' doesn't match value '0' in main.obj
mysqlcppconn-static.lib(net_serv.obj) : error LNK2038: mismatch detected for 'RuntimeLibrary': value 'MDd_DynamicDebug' doesn't match value 'MD_DynamicRelease' in main.obj
mysqlcppconn-static.lib(pack.obj) : error LNK2038: mismatch detected for '_ITERATOR_DEBUG_LEVEL': value '2' doesn't match value '0' in main.obj
mysqlcppconn-static.lib(pack.obj) : error LNK2038: mismatch detected for 'RuntimeLibrary': value 'MDd_DynamicDebug' doesn't match value 'MD_DynamicRelease' in main.obj
mysqlcppconn-static.lib(viosslfactories.obj) : error LNK2038: mismatch detected for '_ITERATOR_DEBUG_LEVEL': value '2' doesn't match value '0' in main.obj
mysqlcppconn-static.lib(viosslfactories.obj) : error LNK2038: mismatch detected for 'RuntimeLibrary': value 'MDd_DynamicDebug' doesn't match value 'MD_DynamicRelease' in main.obj
mysqlcppconn-static.lib(vio.obj) : error LNK2038: mismatch detected for '_ITERATOR_DEBUG_LEVEL': value '2' doesn't match value '0' in main.obj
mysqlcppconn-static.lib(vio.obj) : error LNK2038: mismatch detected for 'RuntimeLibrary': value 'MDd_DynamicDebug' doesn't match value 'MD_DynamicRelease' in main.obj
mysqlcppconn-static.lib(bind_params.obj) : error LNK2038: mismatch detected for '_ITERATOR_DEBUG_LEVEL': value '2' doesn't match value '0' in main.obj
mysqlcppconn-static.lib(bind_params.obj) : error LNK2038: mismatch detected for 'RuntimeLibrary': value 'MDd_DynamicDebug' doesn't match value 'MD_DynamicRelease' in main.obj
mysqlcppconn-static.lib(client_authentication.obj) : error LNK2038: mismatch detected for '_ITERATOR_DEBUG_LEVEL': value '2' doesn't match value '0' in main.obj
mysqlcppconn-static.lib(client_authentication.obj) : error LNK2038: mismatch detected for 'RuntimeLibrary': value 'MDd_DynamicDebug' doesn't match value 'MD_DynamicRelease' in main.obj
mysqlcppconn-static.lib(mysql_native_authentication_client.obj) : error LNK2038: mismatch detected for '_ITERATOR_DEBUG_LEVEL': value '2' doesn't match value '0' in main.obj
mysqlcppconn-static.lib(mysql_native_authentication_client.obj) : error LNK2038: mismatch detected for 'RuntimeLibrary': value 'MDd_DynamicDebug' doesn't match value 'MD_DynamicRelease' in main.obj
mysqlcppconn-static.lib(plugin_client.obj) : error LNK2038: mismatch detected for '_ITERATOR_DEBUG_LEVEL': value '2' doesn't match value '0' in main.obj
mysqlcppconn-static.lib(plugin_client.obj) : error LNK2038: mismatch detected for 'RuntimeLibrary': value 'MDd_DynamicDebug' doesn't match value 'MD_DynamicRelease' in main.obj
mysqlcppconn-static.lib(my_compress.obj) : error LNK2038: mismatch detected for '_ITERATOR_DEBUG_LEVEL': value '2' doesn't match value '0' in main.obj
mysqlcppconn-static.lib(my_compress.obj) : error LNK2038: mismatch detected for 'RuntimeLibrary': value 'MDd_DynamicDebug' doesn't match value 'MD_DynamicRelease' in main.obj
mysqlcppconn-static.lib(mulalloc.obj) : error LNK2038: mismatch detected for '_ITERATOR_DEBUG_LEVEL': value '2' doesn't match value '0' in main.obj
mysqlcppconn-static.lib(mulalloc.obj) : error LNK2038: mismatch detected for 'RuntimeLibrary': value 'MDd_DynamicDebug' doesn't match value 'MD_DynamicRelease' in main.obj
mysqlcppconn-static.lib(compression.obj) : error LNK2038: mismatch detected for '_ITERATOR_DEBUG_LEVEL': value '2' doesn't match value '0' in main.obj
mysqlcppconn-static.lib(compression.obj) : error LNK2038: mismatch detected for 'RuntimeLibrary': value 'MDd_DynamicDebug' doesn't match value 'MD_DynamicRelease' in main.obj
mysqlcppconn-static.lib(my_default.obj) : error LNK2038: mismatch detected for '_ITERATOR_DEBUG_LEVEL': value '2' doesn't match value '0' in main.obj
mysqlcppconn-static.lib(my_default.obj) : error LNK2038: mismatch detected for 'RuntimeLibrary': value 'MDd_DynamicDebug' doesn't match value 'MD_DynamicRelease' in main.obj
mysqlcppconn-static.lib(typelib.obj) : error LNK2038: mismatch detected for '_ITERATOR_DEBUG_LEVEL': value '2' doesn't match value '0' in main.obj
mysqlcppconn-static.lib(typelib.obj) : error LNK2038: mismatch detected for 'RuntimeLibrary': value 'MDd_DynamicDebug' doesn't match value 'MD_DynamicRelease' in main.obj
mysqlcppconn-static.lib(viosocket.obj) : error LNK2038: mismatch detected for '_ITERATOR_DEBUG_LEVEL': value '2' doesn't match value '0' in main.obj
mysqlcppconn-static.lib(viosocket.obj) : error LNK2038: mismatch detected for 'RuntimeLibrary': value 'MDd_DynamicDebug' doesn't match value 'MD_DynamicRelease' in main.obj
mysqlcppconn-static.lib(viossl.obj) : error LNK2038: mismatch detected for '_ITERATOR_DEBUG_LEVEL': value '2' doesn't match value '0' in main.obj
mysqlcppconn-static.lib(viossl.obj) : error LNK2038: mismatch detected for 'RuntimeLibrary': value 'MDd_DynamicDebug' doesn't match value 'MD_DynamicRelease' in main.obj
mysqlcppconn-static.lib(mf_loadpath.obj) : error LNK2038: mismatch detected for '_ITERATOR_DEBUG_LEVEL': value '2' doesn't match value '0' in main.obj
mysqlcppconn-static.lib(mf_loadpath.obj) : error LNK2038: mismatch detected for 'RuntimeLibrary': value 'MDd_DynamicDebug' doesn't match value 'MD_DynamicRelease' in main.obj
mysqlcppconn-static.lib(viopipe.obj) : error LNK2038: mismatch detected for '_ITERATOR_DEBUG_LEVEL': value '2' doesn't match value '0' in main.obj
mysqlcppconn-static.lib(viopipe.obj) : error LNK2038: mismatch detected for 'RuntimeLibrary': value 'MDd_DynamicDebug' doesn't match value 'MD_DynamicRelease' in main.obj
mysqlcppconn-static.lib(vioshm.obj) : error LNK2038: mismatch detected for '_ITERATOR_DEBUG_LEVEL': value '2' doesn't match value '0' in main.obj
mysqlcppconn-static.lib(vioshm.obj) : error LNK2038: mismatch detected for 'RuntimeLibrary': value 'MDd_DynamicDebug' doesn't match value 'MD_DynamicRelease' in main.obj
mysqlcppconn-static.lib(crypt_genhash_impl.obj) : error LNK2038: mismatch detected for '_ITERATOR_DEBUG_LEVEL': value '2' doesn't match value '0' in main.obj
mysqlcppconn-static.lib(crypt_genhash_impl.obj) : error LNK2038: mismatch detected for 'RuntimeLibrary': value 'MDd_DynamicDebug' doesn't match value 'MD_DynamicRelease' in main.obj
mysqlcppconn-static.lib(sha2_password_common.obj) : error LNK2038: mismatch detected for '_ITERATOR_DEBUG_LEVEL': value '2' doesn't match value '0' in main.obj
mysqlcppconn-static.lib(sha2_password_common.obj) : error LNK2038: mismatch detected for 'RuntimeLibrary': value 'MDd_DynamicDebug' doesn't match value 'MD_DynamicRelease' in main.obj
mysqlcppconn-static.lib(password.obj) : error LNK2038: mismatch detected for '_ITERATOR_DEBUG_LEVEL': value '2' doesn't match value '0' in main.obj
mysqlcppconn-static.lib(password.obj) : error LNK2038: mismatch detected for 'RuntimeLibrary': value 'MDd_DynamicDebug' doesn't match value 'MD_DynamicRelease' in main.obj
mysqlcppconn-static.lib(handshake_client.obj) : error LNK2038: mismatch detected for '_ITERATOR_DEBUG_LEVEL': value '2' doesn't match value '0' in main.obj
mysqlcppconn-static.lib(handshake_client.obj) : error LNK2038: mismatch detected for 'RuntimeLibrary': value 'MDd_DynamicDebug' doesn't match value 'MD_DynamicRelease' in main.obj
mysqlcppconn-static.lib(my_aes_openssl.obj) : error LNK2038: mismatch detected for '_ITERATOR_DEBUG_LEVEL': value '2' doesn't match value '0' in main.obj
mysqlcppconn-static.lib(my_aes_openssl.obj) : error LNK2038: mismatch detected for 'RuntimeLibrary': value 'MDd_DynamicDebug' doesn't match value 'MD_DynamicRelease' in main.obj
mysqlcppconn-static.lib(my_fopen.obj) : error LNK2038: mismatch detected for '_ITERATOR_DEBUG_LEVEL': value '2' doesn't match value '0' in main.obj
mysqlcppconn-static.lib(my_fopen.obj) : error LNK2038: mismatch detected for 'RuntimeLibrary': value 'MDd_DynamicDebug' doesn't match value 'MD_DynamicRelease' in main.obj
mysqlcppconn-static.lib(mf_fn_ext.obj) : error LNK2038: mismatch detected for '_ITERATOR_DEBUG_LEVEL': value '2' doesn't match value '0' in main.obj
mysqlcppconn-static.lib(mf_fn_ext.obj) : error LNK2038: mismatch detected for 'RuntimeLibrary': value 'MDd_DynamicDebug' doesn't match value 'MD_DynamicRelease' in main.obj
mysqlcppconn-static.lib(log_client.obj) : error LNK2038: mismatch detected for '_ITERATOR_DEBUG_LEVEL': value '2' doesn't match value '0' in main.obj
mysqlcppconn-static.lib(log_client.obj) : error LNK2038: mismatch detected for 'RuntimeLibrary': value 'MDd_DynamicDebug' doesn't match value 'MD_DynamicRelease' in main.obj
mysqlcppconn-static.lib(common.obj) : error LNK2038: mismatch detected for '_ITERATOR_DEBUG_LEVEL': value '2' doesn't match value '0' in main.obj
mysqlcppconn-static.lib(common.obj) : error LNK2038: mismatch detected for 'RuntimeLibrary': value 'MDd_DynamicDebug' doesn't match value 'MD_DynamicRelease' in main.obj
mysqlcppconn-static.lib(handshake.obj) : error LNK2038: mismatch detected for '_ITERATOR_DEBUG_LEVEL': value '2' doesn't match value '0' in main.obj
mysqlcppconn-static.lib(handshake.obj) : error LNK2038: mismatch detected for 'RuntimeLibrary': value 'MDd_DynamicDebug' doesn't match value 'MD_DynamicRelease' in main.obj
mysqlcppconn-static.lib(my_aes.obj) : error LNK2038: mismatch detected for '_ITERATOR_DEBUG_LEVEL': value '2' doesn't match value '0' in main.obj
mysqlcppconn-static.lib(my_aes.obj) : error LNK2038: mismatch detected for 'RuntimeLibrary': value 'MDd_DynamicDebug' doesn't match value 'MD_DynamicRelease' in main.obj
mysqlcppconn-static.lib(my_kdf.obj) : error LNK2038: mismatch detected for '_ITERATOR_DEBUG_LEVEL': value '2' doesn't match value '0' in main.obj
mysqlcppconn-static.lib(my_kdf.obj) : error LNK2038: mismatch detected for 'RuntimeLibrary': value 'MDd_DynamicDebug' doesn't match value 'MD_DynamicRelease' in main.obj
mysqlcppconn-static.lib(sha2_password_common.obj) : error LNK2001: unresolved external symbol __imp__invalid_parameter
mysqlcppconn-static.lib(password.obj) : error LNK2001: unresolved external symbol __imp__invalid_parameter
mysqlcppconn-static.lib(my_fopen.obj) : error LNK2001: unresolved external symbol __imp__invalid_parameter
mysqlcppconn-static.lib(my_kdf.obj) : error LNK2001: unresolved external symbol __imp__invalid_parameter
mysqlcppconn-static.lib(mysql_native_statement_wrapper.obj) : error LNK2001: unresolved external symbol __imp__invalid_parameter
mysqlcppconn-static.lib(viosslfactories.obj) : error LNK2001: unresolved external symbol __imp__invalid_parameter
mysqlcppconn-static.lib(compression.obj) : error LNK2001: unresolved external symbol __imp__invalid_parameter
mysqlcppconn-static.lib(my_default.obj) : error LNK2001: unresolved external symbol __imp__invalid_parameter
mysqlcppconn-static.lib(mysql_native_connection_wrapper.obj) : error LNK2001: unresolved external symbol __imp__invalid_parameter
mysqlcppconn-static.lib(libmysql.obj) : error LNK2001: unresolved external symbol __imp__invalid_parameter
mysqlcppconn-static.lib(client.obj) : error LNK2001: unresolved external symbol __imp__invalid_parameter
mysqlcppconn-static.lib(dns_srv.obj) : error LNK2001: unresolved external symbol __imp__invalid_parameter
mysqlcppconn-static.lib(ctype-uca.obj) : error LNK2001: unresolved external symbol __imp__invalid_parameter
mysqlcppconn-static.lib(ctype-mb.obj) : error LNK2001: unresolved external symbol __imp__invalid_parameter
mysqlcppconn-static.lib(mysql_driver.obj) : error LNK2001: unresolved external symbol __imp__invalid_parameter
mysqlcppconn-static.lib(mysql_client_api.obj) : error LNK2001: unresolved external symbol __imp__invalid_parameter
mysqlcppconn-static.lib(my_open.obj) : error LNK2001: unresolved external symbol __imp__invalid_parameter
mysqlcppconn-static.lib(my_lib.obj) : error LNK2001: unresolved external symbol __imp__invalid_parameter
mysqlcppconn-static.lib(collations.obj) : error LNK2001: unresolved external symbol __imp__invalid_parameter
mysqlcppconn-static.lib(collations_internal.obj) : error LNK2001: unresolved external symbol __imp__invalid_parameter
mysqlcppconn-static.lib(mf_pack.obj) : error LNK2001: unresolved external symbol __imp__invalid_parameter
mysqlcppconn-static.lib(charset.obj) : error LNK2001: unresolved external symbol __imp__invalid_parameter
mysqlcppconn-static.lib(my_winfile.obj) : error LNK2001: unresolved external symbol __imp__invalid_parameter
mysqlcppconn-static.lib(ctype.obj) : error LNK2001: unresolved external symbol __imp__invalid_parameter
mysqlcppconn-static.lib(mysql_parameter_metadata.obj) : error LNK2001: unresolved external symbol __imp__invalid_parameter
mysqlcppconn-static.lib(mysql_resultset.obj) : error LNK2001: unresolved external symbol __imp__invalid_parameter
mysqlcppconn-static.lib(my_thread.obj) : error LNK2001: unresolved external symbol __imp__invalid_parameter
mysqlcppconn-static.lib(mysql_resultset_metadata.obj) : error LNK2001: unresolved external symbol __imp__invalid_parameter
mysqlcppconn-static.lib(dbug.obj) : error LNK2001: unresolved external symbol __imp__invalid_parameter
mysqlcppconn-static.lib(mysql_resultbind.obj) : error LNK2001: unresolved external symbol __imp__invalid_parameter
mysqlcppconn-static.lib(mysql_ps_resultset.obj) : error LNK2001: unresolved external symbol __imp__invalid_parameter
mysqlcppconn-static.lib(mysql_ps_resultset_metadata.obj) : error LNK2001: unresolved external symbol __imp__invalid_parameter
mysqlcppconn-static.lib(mysql_prepared_statement.obj) : error LNK2001: unresolved external symbol __imp__invalid_parameter
mysqlcppconn-static.lib(mysql_statement.obj) : error LNK2001: unresolved external symbol __imp__invalid_parameter
mysqlcppconn-static.lib(mysql_debug.obj) : error LNK2001: unresolved external symbol __imp__invalid_parameter
mysqlcppconn-static.lib(my_malloc.obj) : error LNK2001: unresolved external symbol __imp__invalid_parameter
mysqlcppconn-static.lib(mysql_art_rset_metadata.obj) : error LNK2001: unresolved external symbol __imp__invalid_parameter
mysqlcppconn-static.lib(mysql_uri.obj) : error LNK2001: unresolved external symbol __imp__invalid_parameter
mysqlcppconn-static.lib(mysql_metadata.obj) : error LNK2001: unresolved external symbol __imp__invalid_parameter
mysqlcppconn-static.lib(mysql_warning.obj) : error LNK2001: unresolved external symbol __imp__invalid_parameter
mysqlcppconn-static.lib(mysql_art_resultset.obj) : error LNK2001: unresolved external symbol __imp__invalid_parameter
mysqlcppconn-static.lib(mysql_connection.obj) : error LNK2001: unresolved external symbol __imp__invalid_parameter
mysqlcppconn-static.lib(my_file.obj) : error LNK2001: unresolved external symbol __imp__invalid_parameter
mysqlcppconn-static.lib(mysql_util.obj) : error LNK2001: unresolved external symbol __imp__invalid_parameter
mysqlcppconn-static.lib(sha2_password_common.obj) : error LNK2001: unresolved external symbol __imp__CrtDbgReport
mysqlcppconn-static.lib(password.obj) : error LNK2001: unresolved external symbol __imp__CrtDbgReport
mysqlcppconn-static.lib(my_fopen.obj) : error LNK2001: unresolved external symbol __imp__CrtDbgReport
mysqlcppconn-static.lib(my_kdf.obj) : error LNK2001: unresolved external symbol __imp__CrtDbgReport
mysqlcppconn-static.lib(mysql_native_statement_wrapper.obj) : error LNK2001: unresolved external symbol __imp__CrtDbgReport
mysqlcppconn-static.lib(viosslfactories.obj) : error LNK2001: unresolved external symbol __imp__CrtDbgReport
mysqlcppconn-static.lib(compression.obj) : error LNK2001: unresolved external symbol __imp__CrtDbgReport
mysqlcppconn-static.lib(my_default.obj) : error LNK2001: unresolved external symbol __imp__CrtDbgReport
mysqlcppconn-static.lib(mysql_native_connection_wrapper.obj) : error LNK2001: unresolved external symbol __imp__CrtDbgReport
mysqlcppconn-static.lib(libmysql.obj) : error LNK2001: unresolved external symbol __imp__CrtDbgReport
mysqlcppconn-static.lib(client.obj) : error LNK2001: unresolved external symbol __imp__CrtDbgReport
mysqlcppconn-static.lib(dns_srv.obj) : error LNK2001: unresolved external symbol __imp__CrtDbgReport
mysqlcppconn-static.lib(ctype-uca.obj) : error LNK2001: unresolved external symbol __imp__CrtDbgReport
mysqlcppconn-static.lib(ctype-mb.obj) : error LNK2001: unresolved external symbol __imp__CrtDbgReport
mysqlcppconn-static.lib(mysql_driver.obj) : error LNK2001: unresolved external symbol __imp__CrtDbgReport
mysqlcppconn-static.lib(mysql_client_api.obj) : error LNK2001: unresolved external symbol __imp__CrtDbgReport
mysqlcppconn-static.lib(my_open.obj) : error LNK2001: unresolved external symbol __imp__CrtDbgReport
mysqlcppconn-static.lib(my_lib.obj) : error LNK2001: unresolved external symbol __imp__CrtDbgReport
mysqlcppconn-static.lib(collations.obj) : error LNK2001: unresolved external symbol __imp__CrtDbgReport
mysqlcppconn-static.lib(collations_internal.obj) : error LNK2001: unresolved external symbol __imp__CrtDbgReport
mysqlcppconn-static.lib(mf_pack.obj) : error LNK2001: unresolved external symbol __imp__CrtDbgReport
mysqlcppconn-static.lib(charset.obj) : error LNK2001: unresolved external symbol __imp__CrtDbgReport
mysqlcppconn-static.lib(my_winfile.obj) : error LNK2001: unresolved external symbol __imp__CrtDbgReport
mysqlcppconn-static.lib(ctype.obj) : error LNK2001: unresolved external symbol __imp__CrtDbgReport
mysqlcppconn-static.lib(mysql_parameter_metadata.obj) : error LNK2001: unresolved external symbol __imp__CrtDbgReport
mysqlcppconn-static.lib(mysql_resultset.obj) : error LNK2001: unresolved external symbol __imp__CrtDbgReport
mysqlcppconn-static.lib(my_thread.obj) : error LNK2001: unresolved external symbol __imp__CrtDbgReport
mysqlcppconn-static.lib(mysql_resultset_metadata.obj) : error LNK2001: unresolved external symbol __imp__CrtDbgReport
mysqlcppconn-static.lib(dbug.obj) : error LNK2001: unresolved external symbol __imp__CrtDbgReport
mysqlcppconn-static.lib(mysql_resultbind.obj) : error LNK2001: unresolved external symbol __imp__CrtDbgReport
mysqlcppconn-static.lib(mysql_ps_resultset.obj) : error LNK2001: unresolved external symbol __imp__CrtDbgReport
mysqlcppconn-static.lib(mysql_ps_resultset_metadata.obj) : error LNK2001: unresolved external symbol __imp__CrtDbgReport
mysqlcppconn-static.lib(mysql_prepared_statement.obj) : error LNK2001: unresolved external symbol __imp__CrtDbgReport
mysqlcppconn-static.lib(mysql_statement.obj) : error LNK2001: unresolved external symbol __imp__CrtDbgReport
mysqlcppconn-static.lib(mysql_debug.obj) : error LNK2001: unresolved external symbol __imp__CrtDbgReport
mysqlcppconn-static.lib(my_malloc.obj) : error LNK2001: unresolved external symbol __imp__CrtDbgReport
mysqlcppconn-static.lib(mysql_art_rset_metadata.obj) : error LNK2001: unresolved external symbol __imp__CrtDbgReport
mysqlcppconn-static.lib(mysql_uri.obj) : error LNK2001: unresolved external symbol __imp__CrtDbgReport
mysqlcppconn-static.lib(mysql_metadata.obj) : error LNK2001: unresolved external symbol __imp__CrtDbgReport
mysqlcppconn-static.lib(mysql_warning.obj) : error LNK2001: unresolved external symbol __imp__CrtDbgReport
mysqlcppconn-static.lib(mysql_art_resultset.obj) : error LNK2001: unresolved external symbol __imp__CrtDbgReport
mysqlcppconn-static.lib(mysql_connection.obj) : error LNK2001: unresolved external symbol __imp__CrtDbgReport
mysqlcppconn-static.lib(my_file.obj) : error LNK2001: unresolved external symbol __imp__CrtDbgReport
mysqlcppconn-static.lib(mysql_util.obj) : error LNK2001: unresolved external symbol __imp__CrtDbgReport
mysqlcppconn-static.lib(viopipe.obj) : error LNK2001: unresolved external symbol __imp__calloc_dbg
mysqlcppconn-static.lib(vioshm.obj) : error LNK2001: unresolved external symbol __imp__calloc_dbg
mysqlcppconn-static.lib(my_fopen.obj) : error LNK2001: unresolved external symbol __imp__calloc_dbg
mysqlcppconn-static.lib(mf_fn_ext.obj) : error LNK2001: unresolved external symbol __imp__calloc_dbg
mysqlcppconn-static.lib(typelib.obj) : error LNK2001: unresolved external symbol __imp__calloc_dbg
mysqlcppconn-static.lib(viosocket.obj) : error LNK2001: unresolved external symbol __imp__calloc_dbg
mysqlcppconn-static.lib(viossl.obj) : error LNK2001: unresolved external symbol __imp__calloc_dbg
mysqlcppconn-static.lib(mf_loadpath.obj) : error LNK2001: unresolved external symbol __imp__calloc_dbg
mysqlcppconn-static.lib(my_compress.obj) : error LNK2001: unresolved external symbol __imp__calloc_dbg
mysqlcppconn-static.lib(mulalloc.obj) : error LNK2001: unresolved external symbol __imp__calloc_dbg
mysqlcppconn-static.lib(compression.obj) : error LNK2001: unresolved external symbol __imp__calloc_dbg
mysqlcppconn-static.lib(my_default.obj) : error LNK2001: unresolved external symbol __imp__calloc_dbg
mysqlcppconn-static.lib(viosslfactories.obj) : error LNK2001: unresolved external symbol __imp__calloc_dbg
mysqlcppconn-static.lib(vio.obj) : error LNK2001: unresolved external symbol __imp__calloc_dbg
mysqlcppconn-static.lib(bind_params.obj) : error LNK2001: unresolved external symbol __imp__calloc_dbg
mysqlcppconn-static.lib(client_authentication.obj) : error LNK2001: unresolved external symbol __imp__calloc_dbg
mysqlcppconn-static.lib(mf_format.obj) : error LNK2001: unresolved external symbol __imp__calloc_dbg
mysqlcppconn-static.lib(my_time.obj) : error LNK2001: unresolved external symbol __imp__calloc_dbg
mysqlcppconn-static.lib(list.obj) : error LNK2001: unresolved external symbol __imp__calloc_dbg
mysqlcppconn-static.lib(net_serv.obj) : error LNK2001: unresolved external symbol __imp__calloc_dbg
mysqlcppconn-static.lib(client.obj) : error LNK2001: unresolved external symbol __imp__calloc_dbg
mysqlcppconn-static.lib(errmsg.obj) : error LNK2001: unresolved external symbol __imp__calloc_dbg
mysqlcppconn-static.lib(mysql_trace.obj) : error LNK2001: unresolved external symbol __imp__calloc_dbg
mysqlcppconn-static.lib(my_symlink.obj) : error LNK2001: unresolved external symbol __imp__calloc_dbg
mysqlcppconn-static.lib(ctype-ucs2.obj) : error LNK2001: unresolved external symbol __imp__calloc_dbg
mysqlcppconn-static.lib(my_strtoll10.obj) : error LNK2001: unresolved external symbol __imp__calloc_dbg
mysqlcppconn-static.lib(client_plugin.obj) : error LNK2001: unresolved external symbol __imp__calloc_dbg
mysqlcppconn-static.lib(libmysql.obj) : error LNK2001: unresolved external symbol __imp__calloc_dbg
mysqlcppconn-static.lib(my_lib.obj) : error LNK2001: unresolved external symbol __imp__calloc_dbg
mysqlcppconn-static.lib(my_fstream.obj) : error LNK2001: unresolved external symbol __imp__calloc_dbg
mysqlcppconn-static.lib(ctype-simple.obj) : error LNK2001: unresolved external symbol __imp__calloc_dbg
mysqlcppconn-static.lib(my_alloc.obj) : error LNK2001: unresolved external symbol __imp__calloc_dbg
mysqlcppconn-static.lib(my_getwd.obj) : error LNK2001: unresolved external symbol __imp__calloc_dbg
mysqlcppconn-static.lib(ctype.obj) : error LNK2001: unresolved external symbol __imp__calloc_dbg
mysqlcppconn-static.lib(my_open.obj) : error LNK2001: unresolved external symbol __imp__calloc_dbg
mysqlcppconn-static.lib(my_read.obj) : error LNK2001: unresolved external symbol __imp__calloc_dbg
mysqlcppconn-static.lib(charset.obj) : error LNK2001: unresolved external symbol __imp__calloc_dbg
mysqlcppconn-static.lib(my_winfile.obj) : error LNK2001: unresolved external symbol __imp__calloc_dbg
mysqlcppconn-static.lib(mf_dirname.obj) : error LNK2001: unresolved external symbol __imp__calloc_dbg
mysqlcppconn-static.lib(my_winerr.obj) : error LNK2001: unresolved external symbol __imp__calloc_dbg
mysqlcppconn-static.lib(thr_cond.obj) : error LNK2001: unresolved external symbol __imp__calloc_dbg
mysqlcppconn-static.lib(errors.obj) : error LNK2001: unresolved external symbol __imp__calloc_dbg
mysqlcppconn-static.lib(my_once.obj) : error LNK2001: unresolved external symbol __imp__calloc_dbg
mysqlcppconn-static.lib(mf_pack.obj) : error LNK2001: unresolved external symbol __imp__calloc_dbg
mysqlcppconn-static.lib(my_init.obj) : error LNK2001: unresolved external symbol __imp__calloc_dbg
mysqlcppconn-static.lib(my_access.obj) : error LNK2001: unresolved external symbol __imp__calloc_dbg
mysqlcppconn-static.lib(my_thread.obj) : error LNK2001: unresolved external symbol __imp__calloc_dbg
mysqlcppconn-static.lib(my_systime.obj) : error LNK2001: unresolved external symbol __imp__calloc_dbg
mysqlcppconn-static.lib(psi_noop.obj) : error LNK2001: unresolved external symbol __imp__calloc_dbg
mysqlcppconn-static.lib(my_thr_init.obj) : error LNK2001: unresolved external symbol __imp__calloc_dbg
mysqlcppconn-static.lib(my_error.obj) : error LNK2001: unresolved external symbol __imp__calloc_dbg
mysqlcppconn-static.lib(my_mess.obj) : error LNK2001: unresolved external symbol __imp__calloc_dbg
mysqlcppconn-static.lib(my_file.obj) : error LNK2001: unresolved external symbol __imp__calloc_dbg
mysqlcppconn-static.lib(my_malloc.obj) : error LNK2001: unresolved external symbol __imp__calloc_dbg
mysqlcppconn-static.lib(dbug.obj) : error LNK2001: unresolved external symbol __imp__calloc_dbg
mysqlcppconn-static.lib(my_static.obj) : error LNK2001: unresolved external symbol __imp__calloc_dbg
mysqlcppconn-static.lib(dbug.obj) : error LNK2019: unresolved external symbol __imp__CrtSetReportFile referenced in function "void __cdecl DbugExit(char const *)" (?DbugExit@@YAXPEBD@Z)
mysqlcppconn-static.lib(my_init.obj) : error LNK2001: unresolved external symbol __imp__CrtSetReportFile
mysqlcppconn-static.lib(dbug.obj) : error LNK2019: unresolved external symbol __imp__CrtSetReportMode referenced in function "void __cdecl DbugExit(char const *)" (?DbugExit@@YAXPEBD@Z)
mysqlcppconn-static.lib(my_init.obj) : error LNK2001: unresolved external symbol __imp__CrtSetReportMode
C:\Users\Tomas\source\repos\Hotelmanagementsystemv2\x64\Release\Hotelmanagementsystemv2.exe : fatal error LNK1120: 5 unresolved externals
